<?xml version="1.0" encoding="UTF-8"?>
<!-- Generated by org.testng.reporters.JUnitXMLReporter -->
<testsuite ignored="0" hostname="QT-INBG-LT0290" failures="0" tests="6" name="Default test" time="14.194" errors="0" timestamp="2023-09-14T23:55:45 IST">
  <testcase classname="api.test.DDTests" name="testPostuser" time="4.203"/>
  <testcase classname="api.test.DDTests" name="testPostuser" time="1.458"/>
  <testcase classname="api.test.DDTests" name="testPostuser" time="1.706"/>
  <testcase classname="api.test.DDTests" name="testDeleteUserByName" time="1.717"/>
  <testcase classname="api.test.DDTests" name="testDeleteUserByName" time="1.486"/>
  <testcase classname="api.test.DDTests" name="testDeleteUserByName" time="1.465"/>
</testsuite> <!-- Default test -->
