<?xml version="1.0" encoding="UTF-8"?>
<!-- Generated by org.testng.reporters.JUnitXMLReporter -->
<testsuite ignored="0" hostname="QT-INBG-LT0290" failures="0" tests="4" name="PetTest" time="10.753" errors="0" timestamp="2023-09-15T00:08:01 IST">
  <testcase classname="api.test.UserTests" name="testPostUser" time="3.987"/>
  <testcase classname="api.test.UserTests" name="testGetUserByName" time="1.508"/>
  <testcase classname="api.test.UserTests" name="testUpdateUserByName" time="2.892"/>
  <testcase classname="api.test.UserTests" name="testDeleteUserByName" time="1.443"/>
</testsuite> <!-- PetTest -->
